<?xml version="1.0" encoding="UTF-8"?>
<!-- Generated by org.testng.reporters.JUnitReportReporter -->
<testsuite hostname="BLR-STR-GAUTHAM" failures="0" tests="2" name="Dishnetworks.RestAssured.QueryParamDemo" time="1.746" errors="0" timestamp="2021-06-24T16:35:39 IST" skipped="0">
  <testcase classname="Dishnetworks.RestAssured.QueryParamDemo" name="testCommentsOnSinglePost" time="0.217"/>
  <system-out/>
  <testcase classname="Dishnetworks.RestAssured.QueryParamDemo" name="testAllComments" time="1.529"/>
  <system-out/>
</testsuite> <!-- Dishnetworks.RestAssured.QueryParamDemo -->
