<?xml version="1.0" encoding="UTF-8"?>
<!-- Generated by org.testng.reporters.JUnitReportReporter -->
<testsuite hostname="BLR-STR-GAUTHAM" failures="0" tests="1" name="Dishnetworks.RestAssured.patchmethod" time="3.633" errors="0" timestamp="2021-06-24T17:28:50 IST" skipped="0">
  <testcase classname="Dishnetworks.RestAssured.patchmethod" name="test2" time="3.633"/>
  <system-out/>
</testsuite> <!-- Dishnetworks.RestAssured.patchmethod -->
