<?xml version="1.0" encoding="UTF-8"?>
<!-- Generated by org.testng.reporters.JUnitReportReporter -->
<testsuite hostname="BLR-STR-GAUTHAM" failures="0" tests="1" name="Dishnetworks.RestAssured.DeleleMethod" time="2.423" errors="0" timestamp="2021-06-24T17:31:09 IST" skipped="0">
  <testcase classname="Dishnetworks.RestAssured.DeleleMethod" name="test2" time="2.423"/>
  <system-out/>
</testsuite> <!-- Dishnetworks.RestAssured.DeleleMethod -->
