<?xml version="1.0" encoding="UTF-8"?>
<!-- Generated by org.testng.reporters.JUnitReportReporter -->
<testsuite hostname="BLR-STR-GAUTHAM" failures="0" tests="1" name="Dishnetworks.RestAssured.PostMethod" time="2.315" errors="0" timestamp="2021-06-24T16:16:06 IST" skipped="0">
  <testcase classname="Dishnetworks.RestAssured.PostMethod" name="testPOST" time="2.315"/>
  <system-out/>
</testsuite> <!-- Dishnetworks.RestAssured.PostMethod -->
