<?xml version="1.0" encoding="UTF-8"?>
<!-- Generated by org.testng.reporters.JUnitReportReporter -->
<testsuite hostname="BLR-STR-GAUTHAM" failures="0" tests="1" name="Dishnetworks.RestAssured.PutMethod" time="2.610" errors="0" timestamp="2021-06-24T17:27:00 IST" skipped="0">
  <testcase classname="Dishnetworks.RestAssured.PutMethod" name="test2" time="2.610"/>
  <system-out/>
</testsuite> <!-- Dishnetworks.RestAssured.PutMethod -->
